<?xml version="1.0" encoding="UTF-8"?>
<!-- Generated by org.testng.reporters.JUnitXMLReporter -->
<testsuite ignored="0" hostname="DESKTOP-6RDKUPP" failures="2" tests="5" name="Test" time="0.446" errors="0" timestamp="2024-02-03T22:22:41 EST">
  <testcase classname="learning.BasicExtentReportClass" name="testMethod1" time="0.025"/>
  <testcase classname="learning.BasicExtentReportClass" name="testMethod2" time="0.01">
    <failure type="java.lang.AssertionError" message="expected [true] but found [false]">
      <![CDATA[java.lang.AssertionError: expected [true] but found [false]
at learning.BasicExtentReportClass.testMethod2(BasicExtentReportClass.java:49)
at java.base/java.util.ArrayList.forEach(ArrayList.java:1511)
... Removed 31 stack frames]]>
    </failure>
  </testcase> <!-- testMethod2 -->
  <testcase classname="learning.BasicExtentReportClass" name="testMethod3" time="0.001"/>
  <testcase classname="learning.BasicExtentReportClass" name="testMethod4" time="0.002">
    <skipped/>
  </testcase> <!-- testMethod4 -->
  <testcase classname="learning.BasicExtentReportClass" name="testMethod5" time="0.002">
    <failure type="java.lang.AssertionError" message="expected [true] but found [false]">
      <![CDATA[java.lang.AssertionError: expected [true] but found [false]
at learning.BasicExtentReportClass.testMethod5(BasicExtentReportClass.java:71)
at java.base/java.util.ArrayList.forEach(ArrayList.java:1511)
... Removed 31 stack frames]]>
    </failure>
  </testcase> <!-- testMethod5 -->
</testsuite> <!-- Test -->
